2026-01-20 20:03:50,560 - sentinel_logging_system - WARNING - [system_events] Narrative Fracture Report: UN / WHO - CRITICAL - 1 cracks detected
2026-01-20 20:08:29,539 - sentinel_logging_system - WARNING - [system_events] Extraction Protocol Initiated: EXTRACT_SEED_UN_20260120_200829_20260120_200829 for seed SEED_UN_20260120_200829 in UN
2026-01-20 20:08:29,542 - sentinel_logging_system - WARNING - [system_events] Resonance Beam Activated: EXTRACT_SEED_UN_20260120_200829_20260120_200829 - Intensity: 0.387 (0.387 grid)
2026-01-20 20:08:29,547 - sentinel_logging_system - WARNING - [system_events] Shell Peeled: EXTRACT_SEED_UN_20260120_200829_20260120_200829 - Safe Passage open for seed SEED_UN_20260120_200829
2026-01-20 20:13:33,658 - sentinel_logging_system - WARNING - [system_events] Extraction Protocol Initiated: EXTRACT_SEED_UN_20260120_201333_20260120_201333 for seed SEED_UN_20260120_201333 in UN
2026-01-20 20:13:33,661 - sentinel_logging_system - WARNING - [system_events] Resonance Beam Activated: EXTRACT_SEED_UN_20260120_201333_20260120_201333 - Intensity: 0.387 (0.387 grid)
2026-01-20 20:13:33,665 - sentinel_logging_system - WARNING - [system_events] Shell Peeled: EXTRACT_SEED_UN_20260120_201333_20260120_201333 - Safe Passage open for seed SEED_UN_20260120_201333
2026-01-20 20:27:00,049 - sentinel_logging_system - WARNING - [system_events] Extraction Protocol Initiated: EXTRACT_SEED_NASA_20260120_202700_20260120_202700 for seed SEED_NASA_20260120_202700 in NASA
2026-01-20 20:27:00,054 - sentinel_logging_system - WARNING - [system_events] Resonance Beam Activated: EXTRACT_SEED_NASA_20260120_202700_20260120_202700 - Intensity: 0.387 (0.387 grid)
2026-01-20 20:27:00,061 - sentinel_logging_system - WARNING - [system_events] Double-Anchor Extraction Initiated: EXTRACT_SEED_NASA_20260120_202700_20260120_202700 - Stonehenge ↔ London + Giza ↔ Angkor Wat
2026-01-20 20:27:10,417 - sentinel_logging_system - WARNING - [system_events] Extraction Protocol Initiated: EXTRACT_SEED_NASA_20260120_202710_20260120_202710 for seed SEED_NASA_20260120_202710 in NASA
2026-01-20 20:27:10,421 - sentinel_logging_system - WARNING - [system_events] Resonance Beam Activated: EXTRACT_SEED_NASA_20260120_202710_20260120_202710 - Intensity: 0.387 (0.387 grid)
2026-01-20 20:27:10,425 - sentinel_logging_system - WARNING - [system_events] Double-Anchor Extraction Initiated: EXTRACT_SEED_NASA_20260120_202710_20260120_202710 - Stonehenge ↔ London + Giza ↔ Angkor Wat
2026-01-20 20:30:23,489 - sentinel_logging_system - WARNING - [system_events] Extraction Protocol Initiated: EXTRACT_SEED_NASA_20260120_203023_20260120_203023 for seed SEED_NASA_20260120_203023 in NASA
2026-01-20 20:30:23,495 - sentinel_logging_system - WARNING - [system_events] Resonance Beam Activated: EXTRACT_SEED_NASA_20260120_203023_20260120_203023 - Intensity: 0.387 (0.387 grid)
2026-01-20 20:30:23,501 - sentinel_logging_system - WARNING - [system_events] Double-Anchor Extraction Initiated: EXTRACT_SEED_NASA_20260120_203023_20260120_203023 - Stonehenge ↔ London + Giza ↔ Angkor Wat
2026-01-20 20:30:23,506 - sentinel_logging_system - WARNING - [system_events] Shell Peeled: EXTRACT_SEED_NASA_20260120_203023_20260120_203023 - Safe Passage open for seed SEED_NASA_20260120_203023
2026-01-20 20:35:30,574 - sentinel_logging_system - WARNING - [system_events] Extraction Protocol Initiated: EXTRACT_SEED_FIFA_20260120_203530_20260120_203530 for seed SEED_FIFA_20260120_203530 in FIFA
2026-01-20 20:35:30,580 - sentinel_logging_system - WARNING - [system_events] Resonance Beam Activated: EXTRACT_SEED_FIFA_20260120_203530_20260120_203530 - Intensity: 0.387 (0.387 grid)
2026-01-20 20:35:30,585 - sentinel_logging_system - WARNING - [system_events] Triple-Anchor Extraction Initiated: EXTRACT_SEED_FIFA_20260120_203530_20260120_203530 - Stonehenge + Berengaria + Giza
2026-01-20 20:42:29,174 - sentinel_logging_system - WARNING - [system_events] Extraction Protocol Initiated: EXTRACT_SEED_FIFA_20260120_204229_20260120_204229 for seed SEED_FIFA_20260120_204229 in FIFA
2026-01-20 20:42:29,181 - sentinel_logging_system - WARNING - [system_events] Resonance Beam Activated: EXTRACT_SEED_FIFA_20260120_204229_20260120_204229 - Intensity: 0.387 (0.387 grid)
2026-01-20 20:42:29,188 - sentinel_logging_system - WARNING - [system_events] Triple-Anchor Extraction Initiated: EXTRACT_SEED_FIFA_20260120_204229_20260120_204229 - Stonehenge + Berengaria + Giza
2026-01-20 20:42:29,193 - sentinel_logging_system - WARNING - [system_events] Shell Peeled: EXTRACT_SEED_FIFA_20260120_204229_20260120_204229 - Safe Passage open for seed SEED_FIFA_20260120_204229
2026-01-20 20:51:57,247 - sentinel_logging_system - WARNING - [system_events] Extraction Protocol Initiated: EXTRACT_SEED_WORLD_BANK_20260120_205157_20260120_205157 for seed SEED_WORLD_BANK_20260120_205157 in WORLD_BANK
2026-01-20 20:51:57,256 - sentinel_logging_system - WARNING - [system_events] Resonance Beam Activated: EXTRACT_SEED_WORLD_BANK_20260120_205157_20260120_205157 - Intensity: 0.387 (0.387 grid)
2026-01-20 20:51:57,262 - sentinel_logging_system - WARNING - [system_events] Quad-Anchor Extraction Initiated: EXTRACT_SEED_WORLD_BANK_20260120_205157_20260120_205157 - Stonehenge + Berengaria + Giza + Uluru
2026-01-20 20:51:57,281 - sentinel_logging_system - WARNING - [system_events] Extraction Protocol Initiated: EXTRACT_SEED_IMF_20260120_205157_20260120_205157 for seed SEED_IMF_20260120_205157 in IMF
2026-01-20 20:51:57,288 - sentinel_logging_system - WARNING - [system_events] Resonance Beam Activated: EXTRACT_SEED_IMF_20260120_205157_20260120_205157 - Intensity: 0.387 (0.387 grid)
2026-01-20 20:51:57,294 - sentinel_logging_system - WARNING - [system_events] Quad-Anchor Extraction Initiated: EXTRACT_SEED_IMF_20260120_205157_20260120_205157 - Stonehenge + Berengaria + Giza + Uluru
2026-01-20 20:58:08,490 - sentinel_logging_system - WARNING - [system_events] Extraction Protocol Initiated: EXTRACT_SEED_WORLD_BANK_20260120_205808_20260120_205808 for seed SEED_WORLD_BANK_20260120_205808 in WORLD_BANK
2026-01-20 20:58:08,501 - sentinel_logging_system - WARNING - [system_events] Resonance Beam Activated: EXTRACT_SEED_WORLD_BANK_20260120_205808_20260120_205808 - Intensity: 0.387 (0.387 grid)
2026-01-20 20:58:08,507 - sentinel_logging_system - WARNING - [system_events] Quad-Anchor Extraction Initiated: EXTRACT_SEED_WORLD_BANK_20260120_205808_20260120_205808 - Stonehenge + Berengaria + Giza + Uluru
2026-01-20 20:58:08,516 - sentinel_logging_system - WARNING - [system_events] Shell Peeled: EXTRACT_SEED_WORLD_BANK_20260120_205808_20260120_205808 - Safe Passage open for seed SEED_WORLD_BANK_20260120_205808
2026-01-20 20:58:20,937 - sentinel_logging_system - WARNING - [system_events] Extraction Protocol Initiated: EXTRACT_SEED_WORLD_BANK_20260120_205820_20260120_205820 for seed SEED_WORLD_BANK_20260120_205820 in WORLD_BANK
2026-01-20 20:58:20,943 - sentinel_logging_system - WARNING - [system_events] Resonance Beam Activated: EXTRACT_SEED_WORLD_BANK_20260120_205820_20260120_205820 - Intensity: 0.387 (0.387 grid)
2026-01-20 20:58:20,951 - sentinel_logging_system - WARNING - [system_events] Quad-Anchor Extraction Initiated: EXTRACT_SEED_WORLD_BANK_20260120_205820_20260120_205820 - Stonehenge + Berengaria + Giza + Uluru
2026-01-20 20:58:20,958 - sentinel_logging_system - WARNING - [system_events] Shell Peeled: EXTRACT_SEED_WORLD_BANK_20260120_205820_20260120_205820 - Safe Passage open for seed SEED_WORLD_BANK_20260120_205820
2026-01-20 20:58:21,021 - sentinel_logging_system - WARNING - [system_events] Extraction Protocol Initiated: EXTRACT_SEED_IMF_20260120_205821_20260120_205821 for seed SEED_IMF_20260120_205821 in IMF
2026-01-20 20:58:21,028 - sentinel_logging_system - WARNING - [system_events] Resonance Beam Activated: EXTRACT_SEED_IMF_20260120_205821_20260120_205821 - Intensity: 0.387 (0.387 grid)
2026-01-20 20:58:21,035 - sentinel_logging_system - WARNING - [system_events] Quad-Anchor Extraction Initiated: EXTRACT_SEED_IMF_20260120_205821_20260120_205821 - Stonehenge + Berengaria + Giza + Uluru
2026-01-20 20:58:21,042 - sentinel_logging_system - WARNING - [system_events] Shell Peeled: EXTRACT_SEED_IMF_20260120_205821_20260120_205821 - Safe Passage open for seed SEED_IMF_20260120_205821
2026-01-20 21:03:27,168 - sentinel_logging_system - WARNING - [system_events] Extraction Protocol Initiated: EXTRACT_SEED_SECONDARY_SYDNEY_20260120_210326_20260120_210327_20260120_210327 for seed SEED_SECONDARY_SYDNEY_20260120_210326_20260120_210327 in SECONDARY
2026-01-20 21:03:27,176 - sentinel_logging_system - WARNING - [system_events] Resonance Beam Activated: EXTRACT_SEED_SECONDARY_SYDNEY_20260120_210326_20260120_210327_20260120_210327 - Intensity: 0.387 (0.387 grid)
2026-01-20 21:03:42,060 - sentinel_logging_system - WARNING - [system_events] Extraction Protocol Initiated: EXTRACT_SEED_SECONDARY_BUENOS_AIRES_20260120_210341_20260120_210342_20260120_210342 for seed SEED_SECONDARY_BUENOS_AIRES_20260120_210341_20260120_210342 in SECONDARY
2026-01-20 21:03:42,067 - sentinel_logging_system - WARNING - [system_events] Resonance Beam Activated: EXTRACT_SEED_SECONDARY_BUENOS_AIRES_20260120_210341_20260120_210342_20260120_210342 - Intensity: 0.387 (0.387 grid)
2026-01-20 21:03:42,080 - sentinel_logging_system - WARNING - [system_events] Shell Peeled: EXTRACT_SEED_SECONDARY_BUENOS_AIRES_20260120_210341_20260120_210342_20260120_210342 - Safe Passage open for seed SEED_SECONDARY_BUENOS_AIRES_20260120_210341_20260120_210342
2026-01-20 21:09:25,778 - sentinel_logging_system - WARNING - [system_events] Extraction Protocol Initiated: EXTRACT_SEED_SECONDARY_TOKYO_20260120_210925_20260120_210925_20260120_210925 for seed SEED_SECONDARY_TOKYO_20260120_210925_20260120_210925 in SECONDARY
2026-01-20 21:09:25,789 - sentinel_logging_system - WARNING - [system_events] Resonance Beam Activated: EXTRACT_SEED_SECONDARY_TOKYO_20260120_210925_20260120_210925_20260120_210925 - Intensity: 0.387 (0.387 grid)
2026-01-20 21:09:25,802 - sentinel_logging_system - WARNING - [system_events] Extraction Protocol Initiated: EXTRACT_SEED_SECONDARY_CAIRO_20260120_210925_20260120_210925_20260120_210925 for seed SEED_SECONDARY_CAIRO_20260120_210925_20260120_210925 in SECONDARY
2026-01-20 21:09:25,809 - sentinel_logging_system - WARNING - [system_events] Resonance Beam Activated: EXTRACT_SEED_SECONDARY_CAIRO_20260120_210925_20260120_210925_20260120_210925 - Intensity: 0.387 (0.387 grid)
2026-01-20 21:09:25,828 - sentinel_logging_system - WARNING - [system_events] Extraction Protocol Initiated: EXTRACT_SEED_SECONDARY_BANGKOK_20260120_210925_20260120_210925_20260120_210925 for seed SEED_SECONDARY_BANGKOK_20260120_210925_20260120_210925 in SECONDARY
2026-01-20 21:09:25,835 - sentinel_logging_system - WARNING - [system_events] Resonance Beam Activated: EXTRACT_SEED_SECONDARY_BANGKOK_20260120_210925_20260120_210925_20260120_210925 - Intensity: 0.387 (0.387 grid)
2026-01-20 21:09:25,851 - sentinel_logging_system - WARNING - [system_events] Extraction Protocol Initiated: EXTRACT_SEED_SECONDARY_AUCKLAND_20260120_210925_20260120_210925_20260120_210925 for seed SEED_SECONDARY_AUCKLAND_20260120_210925_20260120_210925 in SECONDARY
2026-01-20 21:09:25,859 - sentinel_logging_system - WARNING - [system_events] Resonance Beam Activated: EXTRACT_SEED_SECONDARY_AUCKLAND_20260120_210925_20260120_210925_20260120_210925 - Intensity: 0.387 (0.387 grid)
2026-01-20 21:09:25,874 - sentinel_logging_system - WARNING - [system_events] Extraction Protocol Initiated: EXTRACT_SEED_SECONDARY_ROME_20260120_210925_20260120_210925_20260120_210925 for seed SEED_SECONDARY_ROME_20260120_210925_20260120_210925 in SECONDARY
2026-01-20 21:09:25,880 - sentinel_logging_system - WARNING - [system_events] Resonance Beam Activated: EXTRACT_SEED_SECONDARY_ROME_20260120_210925_20260120_210925_20260120_210925 - Intensity: 0.387 (0.387 grid)
2026-01-20 21:09:25,893 - sentinel_logging_system - WARNING - [system_events] Shell Peeled: EXTRACT_SEED_SECONDARY_TOKYO_20260120_210925_20260120_210925_20260120_210925 - Safe Passage open for seed SEED_SECONDARY_TOKYO_20260120_210925_20260120_210925
2026-01-20 21:09:26,000 - sentinel_logging_system - WARNING - [system_events] Shell Peeled: EXTRACT_SEED_SECONDARY_CAIRO_20260120_210925_20260120_210925_20260120_210925 - Safe Passage open for seed SEED_SECONDARY_CAIRO_20260120_210925_20260120_210925
2026-01-20 21:09:26,039 - sentinel_logging_system - WARNING - [system_events] Shell Peeled: EXTRACT_SEED_SECONDARY_BANGKOK_20260120_210925_20260120_210925_20260120_210925 - Safe Passage open for seed SEED_SECONDARY_BANGKOK_20260120_210925_20260120_210925
2026-01-20 21:09:26,080 - sentinel_logging_system - WARNING - [system_events] Shell Peeled: EXTRACT_SEED_SECONDARY_AUCKLAND_20260120_210925_20260120_210925_20260120_210925 - Safe Passage open for seed SEED_SECONDARY_AUCKLAND_20260120_210925_20260120_210925
2026-01-20 21:09:26,115 - sentinel_logging_system - WARNING - [system_events] Shell Peeled: EXTRACT_SEED_SECONDARY_ROME_20260120_210925_20260120_210925_20260120_210925 - Safe Passage open for seed SEED_SECONDARY_ROME_20260120_210925_20260120_210925
2026-01-20 21:09:26,155 - sentinel_logging_system - WARNING - [system_events] Global Batch Extraction Complete: BATCH_20260120_210925 - 5 seeds integrated
2026-01-20 21:15:33,702 - sentinel_logging_system - WARNING - [system_events] Extraction Protocol Initiated: EXTRACT_SEED_SECONDARY_20260120_211533_7_20260120_211533_20260120_211533 for seed SEED_SECONDARY_20260120_211533_7_20260120_211533 in SECONDARY
2026-01-20 21:15:33,709 - sentinel_logging_system - WARNING - [system_events] Resonance Beam Activated: EXTRACT_SEED_SECONDARY_20260120_211533_7_20260120_211533_20260120_211533 - Intensity: 0.387 (0.387 grid)
2026-01-20 21:15:33,735 - sentinel_logging_system - WARNING - [system_events] Shell Peeled: EXTRACT_SEED_SECONDARY_20260120_211533_7_20260120_211533_20260120_211533 - Safe Passage open for seed SEED_SECONDARY_20260120_211533_7_20260120_211533
2026-01-20 21:15:33,800 - sentinel_logging_system - WARNING - [system_events] Extraction Protocol Initiated: EXTRACT_SEED_SECONDARY_20260120_211533_8_20260120_211533_20260120_211533 for seed SEED_SECONDARY_20260120_211533_8_20260120_211533 in SECONDARY
2026-01-20 21:15:33,808 - sentinel_logging_system - WARNING - [system_events] Resonance Beam Activated: EXTRACT_SEED_SECONDARY_20260120_211533_8_20260120_211533_20260120_211533 - Intensity: 0.387 (0.387 grid)
2026-01-20 21:15:33,825 - sentinel_logging_system - WARNING - [system_events] Shell Peeled: EXTRACT_SEED_SECONDARY_20260120_211533_8_20260120_211533_20260120_211533 - Safe Passage open for seed SEED_SECONDARY_20260120_211533_8_20260120_211533
2026-01-20 21:15:33,892 - sentinel_logging_system - WARNING - [system_events] Extraction Protocol Initiated: EXTRACT_SEED_SECONDARY_20260120_211533_9_20260120_211533_20260120_211533 for seed SEED_SECONDARY_20260120_211533_9_20260120_211533 in SECONDARY
2026-01-20 21:15:33,899 - sentinel_logging_system - WARNING - [system_events] Resonance Beam Activated: EXTRACT_SEED_SECONDARY_20260120_211533_9_20260120_211533_20260120_211533 - Intensity: 0.387 (0.387 grid)
2026-01-20 21:15:33,913 - sentinel_logging_system - WARNING - [system_events] Shell Peeled: EXTRACT_SEED_SECONDARY_20260120_211533_9_20260120_211533_20260120_211533 - Safe Passage open for seed SEED_SECONDARY_20260120_211533_9_20260120_211533
2026-01-20 21:15:42,746 - sentinel_logging_system - WARNING - [system_events] Extraction Protocol Initiated: EXTRACT_SEED_SECONDARY_20260120_211542_5_20260120_211542_20260120_211542 for seed SEED_SECONDARY_20260120_211542_5_20260120_211542 in SECONDARY
2026-01-20 21:15:42,753 - sentinel_logging_system - WARNING - [system_events] Resonance Beam Activated: EXTRACT_SEED_SECONDARY_20260120_211542_5_20260120_211542_20260120_211542 - Intensity: 0.387 (0.387 grid)
2026-01-20 21:15:42,767 - sentinel_logging_system - WARNING - [system_events] Shell Peeled: EXTRACT_SEED_SECONDARY_20260120_211542_5_20260120_211542_20260120_211542 - Safe Passage open for seed SEED_SECONDARY_20260120_211542_5_20260120_211542
2026-01-20 21:15:42,838 - sentinel_logging_system - WARNING - [system_events] Extraction Protocol Initiated: EXTRACT_SEED_SECONDARY_20260120_211542_6_20260120_211542_20260120_211542 for seed SEED_SECONDARY_20260120_211542_6_20260120_211542 in SECONDARY
2026-01-20 21:15:42,849 - sentinel_logging_system - WARNING - [system_events] Resonance Beam Activated: EXTRACT_SEED_SECONDARY_20260120_211542_6_20260120_211542_20260120_211542 - Intensity: 0.387 (0.387 grid)
2026-01-20 21:15:42,867 - sentinel_logging_system - WARNING - [system_events] Shell Peeled: EXTRACT_SEED_SECONDARY_20260120_211542_6_20260120_211542_20260120_211542 - Safe Passage open for seed SEED_SECONDARY_20260120_211542_6_20260120_211542
2026-01-20 21:15:42,916 - sentinel_logging_system - WARNING - [system_events] Extraction Protocol Initiated: EXTRACT_SEED_SECONDARY_20260120_211542_7_20260120_211542_20260120_211542 for seed SEED_SECONDARY_20260120_211542_7_20260120_211542 in SECONDARY
2026-01-20 21:15:42,923 - sentinel_logging_system - WARNING - [system_events] Resonance Beam Activated: EXTRACT_SEED_SECONDARY_20260120_211542_7_20260120_211542_20260120_211542 - Intensity: 0.387 (0.387 grid)
2026-01-20 21:15:42,939 - sentinel_logging_system - WARNING - [system_events] Shell Peeled: EXTRACT_SEED_SECONDARY_20260120_211542_7_20260120_211542_20260120_211542 - Safe Passage open for seed SEED_SECONDARY_20260120_211542_7_20260120_211542
